<?xml version="1.0" encoding="UTF-8"?>
<!-- Generated by org.testng.reporters.JUnitXMLReporter -->
<testsuite hostname="ETMUM-LT114" name="User Groups Test cases" tests="6" failures="0" timestamp="5 Sep 2016 06:51:16 GMT" time="488.986" errors="0">
  <testcase name="tesetVerifyLandingPage" time="8.116" classname="com.usergroups.tests.CreateUserGroupTest"/>
  <testcase name="testVerifyCreateEventFuntionality" time="93.94" classname="com.usergroups.tests.CreateUserGroupTest"/>
  <testcase name="testVerifyCreateEventFuntionality" time="115.143" classname="com.usergroups.tests.CreateUserGroupTest"/>
  <testcase name="testVerifyCreateEventFuntionality" time="106.323" classname="com.usergroups.tests.CreateUserGroupTest"/>
  <testcase name="testVerifyCreateEventFuntionality" time="91.058" classname="com.usergroups.tests.CreateUserGroupTest"/>
  <testcase name="testVerifyCreateEventFuntionality" time="74.008" classname="com.usergroups.tests.CreateUserGroupTest"/>
</testsuite> <!-- User Groups Test cases -->
